16. Find Occurance of a target value in given array;
arr= [19, 22, 18, 19, 16, 18, 19, 21, 24];
target = 19;

function occurence(){
    var arr= [19, 22, 18, 19, 16, 18, 19, 21, 24];
    var target = 19;
   return arr.filter(ele=>ele==19).length;
}
undefined
occurence();
3


17 . Reverse a given string using reverse() method 
input = "BrainMentors"
output = "srotnemniarB"


function reverseString(){
    var st='brainmentors';
    var ar=st.split("");
    ar.reverse();
    return ar.join("");
}
undefined
reverseString();
'srotnemniarb'

18. Write a function that takes a string as input and returns the number of vowels (a, e, i, o, u) in the string.
Count of vowels in string;
ex:- str = "brainmentors"
		output: count = 4


function countVowel(){
    var st='brainmentors';
    var ar=st.split("");
    return ar.filter(ele=>ele=='a'||ele=='e'||ele=='i'||ele=='o'||ele=='u').length;
}
undefined
countVowel();
4


19. Write a function to find the sum of all elements in an array.
ex:- arr = [1,2,3,4,5];
output = 15;

function sumAllElements(){
   var arr = [1,2,3,4,5];
    return arr.reduce((acc,ele)=>acc+ele);
}

undefined
sumAllElements();
15



20.Write a function to reverse the order of elements in an array.
don't Use reverse() Method 
ex:- var arr = ['a','b','c','d','e','f']	
		output = ['f','e','d','c','b','a']

function reverseOrder(){
     var arr = ['a','b','c','d','e','f'];
    return arr.reduce((acc,ele)=>ele+acc,[]).split("");
}

undefined
reverseOrder();
(6) ['f', 'e', 'd', 'c', 'b', 'a']


21. Write a function to remove a specific element from an array.
	arr = [1,2,3,4,5];
	remove = 3
	output :- [1,2,4,5]


function removeSpecific(){
    var arr=[1,2,3,4,5];
    var rem=3;
    return arr.filter(ele=>ele!=rem);
}
undefined
removeSpecific();
(4) [1, 2, 4, 5]


22. Write a function to find the second largest number in an array.
		ex:- var arr = [12,4,6,9,2,15,3,9];
		output second largest : 12


function seclargest(){
    var arr=[12,4,6,9,2,15,3,9];
    var secmax=0;
    var max=0;
    for(var i=0;i<arr.length;i++){
        if(arr[i]>max){
            secmax=max;
            max=arr[i];
        }
        else if(arr[i]>secmax && arr[i]!=max){
            secmax=arr[i];
        }
    }
    return secmax;
}
undefined
seclargest();
12



23.Write a function to rotate an array by a given number of steps to the right.

ex:- arr = [1,2,3,4,5];
		step = 2;	
 output = [5,4,1,2,3]

function rotateArray(){
    var arr = [1,2,3,4,5];
		var steps = 2;
    return arr.splice(arr.length-steps,steps).concat(arr);
}
undefined
rotateArray();
(5) [4, 5, 1, 2, 3]

24.Write a function to find the intersection of two arrays (common elements between the two arrays).
ex:- arr1 = [2,4,1,7,4,2] , arr2 = [5,1,4,7,3,1];
output = [1,4,7]


function intersection(){
    var arr1 = [2,4,1,7,4,2];
    var arr2 = [5,1,4,7,3,1];
    var arr=[];
    arr2.forEach(ele=>{
        if(arr1.indexOf(ele)!=-1){
            arr.push(ele);
            arr1.splice(arr1.indexOf(ele),1);
        }
    })
        return arr;
}

undefined
intersection();
(3) [1, 4, 7]


25.Write a function to remove duplicate elements from an array while preserving the original order.
	ex:- arr = [1,2,5,2,5,1,6,7,7]
		output:- [1,2,5,6,7]


function removeDuplicates(){
    var arr = [1,2,5,2,5,1,6,7,7];
    var unique =[];
    arr.filter(ele=>{
        if(unique.indexOf(ele)==-1)
            unique.push(ele)
    });
    return unique
}
undefined
removeDuplicates();
(5) [1, 2, 5, 6, 7]

